multiprocessing.pool.RemoteTraceback: 
"""
Traceback (most recent call last):
  File "/.autofs/tools/spack/var/spack/environments/default-ml-23090601/.spack-env/._view/2mdpj2aa22fot5urzreb2xlfg6nbakmy/lib/python3.10/multiprocessing/pool.py", line 125, in worker
    result = (True, func(*args, **kwds))
  File "/.autofs/tools/spack/var/spack/environments/default-ml-23090601/.spack-env/._view/2mdpj2aa22fot5urzreb2xlfg6nbakmy/lib/python3.10/multiprocessing/pool.py", line 48, in mapstar
    return list(map(*args))
  File "/home/pr1408/Desktop/sneasybrick-ciam-NoAdapt_Gulf_2050_test.py", line 268, in parallel_execution
    process_scenario(scenario_name)
  File "/home/pr1408/Desktop/sneasybrick-ciam-NoAdapt_Gulf_2050_test.py", line 64, in process_scenario
    df = pd.read_csv("Data/NoAdaptCost_Gulf_2050_Sneasy_{scenario_name}.csv")
  File "/.autofs/tools/spack/var/spack/environments/default-ml-23090601/.spack-env/view/lib/python3.10/site-packages/pandas/util/_decorators.py", line 211, in wrapper
    return func(*args, **kwargs)
  File "/.autofs/tools/spack/var/spack/environments/default-ml-23090601/.spack-env/view/lib/python3.10/site-packages/pandas/util/_decorators.py", line 331, in wrapper
    return func(*args, **kwargs)
  File "/.autofs/tools/spack/var/spack/environments/default-ml-23090601/.spack-env/view/lib/python3.10/site-packages/pandas/io/parsers/readers.py", line 950, in read_csv
    return _read(filepath_or_buffer, kwds)
  File "/.autofs/tools/spack/var/spack/environments/default-ml-23090601/.spack-env/view/lib/python3.10/site-packages/pandas/io/parsers/readers.py", line 605, in _read
    parser = TextFileReader(filepath_or_buffer, **kwds)
  File "/.autofs/tools/spack/var/spack/environments/default-ml-23090601/.spack-env/view/lib/python3.10/site-packages/pandas/io/parsers/readers.py", line 1442, in __init__
    self._engine = self._make_engine(f, self.engine)
  File "/.autofs/tools/spack/var/spack/environments/default-ml-23090601/.spack-env/view/lib/python3.10/site-packages/pandas/io/parsers/readers.py", line 1735, in _make_engine
    self.handles = get_handle(
  File "/.autofs/tools/spack/var/spack/environments/default-ml-23090601/.spack-env/view/lib/python3.10/site-packages/pandas/io/common.py", line 856, in get_handle
    handle = open(
FileNotFoundError: [Errno 2] No such file or directory: 'Data/NoAdaptCost_Gulf_2050_Sneasy_{scenario_name}.csv'
"""

The above exception was the direct cause of the following exception:

Traceback (most recent call last):
  File "/home/pr1408/Desktop/sneasybrick-ciam-NoAdapt_Gulf_2050_test.py", line 280, in <module>
    pool.map(parallel_execution, scenarios)
  File "/.autofs/tools/spack/var/spack/environments/default-ml-23090601/.spack-env/._view/2mdpj2aa22fot5urzreb2xlfg6nbakmy/lib/python3.10/multiprocessing/pool.py", line 367, in map
    return self._map_async(func, iterable, mapstar, chunksize).get()
  File "/.autofs/tools/spack/var/spack/environments/default-ml-23090601/.spack-env/._view/2mdpj2aa22fot5urzreb2xlfg6nbakmy/lib/python3.10/multiprocessing/pool.py", line 774, in get
    raise self._value
FileNotFoundError: [Errno 2] No such file or directory: 'Data/NoAdaptCost_Gulf_2050_Sneasy_{scenario_name}.csv'
Exception ignored in: <function Pool.__del__ at 0x7f52254bc0d0>
Traceback (most recent call last):
  File "/.autofs/tools/spack/var/spack/environments/default-ml-23090601/.spack-env/._view/2mdpj2aa22fot5urzreb2xlfg6nbakmy/lib/python3.10/multiprocessing/pool.py", line 271, in __del__
  File "/.autofs/tools/spack/var/spack/environments/default-ml-23090601/.spack-env/._view/2mdpj2aa22fot5urzreb2xlfg6nbakmy/lib/python3.10/multiprocessing/queues.py", line 371, in put
AttributeError: 'NoneType' object has no attribute 'dumps'
