multiprocessing.pool.RemoteTraceback: 
"""
Traceback (most recent call last):
  File "/.autofs/tools/spack/var/spack/environments/default-ml-23090601/.spack-env/._view/2mdpj2aa22fot5urzreb2xlfg6nbakmy/lib/python3.10/multiprocessing/pool.py", line 125, in worker
    result = (True, func(*args, **kwds))
  File "/.autofs/tools/spack/var/spack/environments/default-ml-23090601/.spack-env/._view/2mdpj2aa22fot5urzreb2xlfg6nbakmy/lib/python3.10/multiprocessing/pool.py", line 48, in mapstar
    return list(map(*args))
  File "/home/pr1408/Desktop/sneasybrick-ciam-NoAdapt_Gulf_2050.py", line 283, in parallel_execution
    # Define a function to be executed in parallel
  File "/home/pr1408/Desktop/sneasybrick-ciam-NoAdapt_Gulf_2050.py", line 243, in process_scenario
    for n in min_samples_split_range:
  File "/.autofs/tools/spack/var/spack/environments/default-ml-23090601/.spack-env/view/lib/python3.10/site-packages/sklearn/ensemble/_forest.py", line 340, in fit
    self._validate_params()
  File "/.autofs/tools/spack/var/spack/environments/default-ml-23090601/.spack-env/view/lib/python3.10/site-packages/sklearn/base.py", line 600, in _validate_params
    validate_parameter_constraints(
  File "/.autofs/tools/spack/var/spack/environments/default-ml-23090601/.spack-env/view/lib/python3.10/site-packages/sklearn/utils/_param_validation.py", line 97, in validate_parameter_constraints
    raise InvalidParameterError(
sklearn.utils._param_validation.InvalidParameterError: The 'min_samples_split' parameter of RandomForestRegressor must be an int in the range [2, inf) or a float in the range (0.0, 1.0]. Got 1 instead.
"""

The above exception was the direct cause of the following exception:

Traceback (most recent call last):
  File "/home/pr1408/Desktop/sneasybrick-ciam-NoAdapt_Gulf_2050.py", line 295, in <module>
    pool = multiprocessing.Pool(processes=num_tasks)
  File "/.autofs/tools/spack/var/spack/environments/default-ml-23090601/.spack-env/._view/2mdpj2aa22fot5urzreb2xlfg6nbakmy/lib/python3.10/multiprocessing/pool.py", line 367, in map
    return self._map_async(func, iterable, mapstar, chunksize).get()
  File "/.autofs/tools/spack/var/spack/environments/default-ml-23090601/.spack-env/._view/2mdpj2aa22fot5urzreb2xlfg6nbakmy/lib/python3.10/multiprocessing/pool.py", line 774, in get
    raise self._value
sklearn.utils._param_validation.InvalidParameterError: The 'min_samples_split' parameter of RandomForestRegressor must be an int in the range [2, inf) or a float in the range (0.0, 1.0]. Got 1 instead.
Exception ignored in: <function Pool.__del__ at 0x7f9e30e8c040>
Traceback (most recent call last):
  File "/.autofs/tools/spack/var/spack/environments/default-ml-23090601/.spack-env/._view/2mdpj2aa22fot5urzreb2xlfg6nbakmy/lib/python3.10/multiprocessing/pool.py", line 271, in __del__
  File "/.autofs/tools/spack/var/spack/environments/default-ml-23090601/.spack-env/._view/2mdpj2aa22fot5urzreb2xlfg6nbakmy/lib/python3.10/multiprocessing/queues.py", line 371, in put
AttributeError: 'NoneType' object has no attribute 'dumps'
